#
# A fatal error has been detected by the Java Runtime Environment:
#
#  EXCEPTION_STACK_OVERFLOW (0xc00000fd) at pc=0x59848e73, pid=2720, tid=3868
#
# JRE version: 7.0_05-b06
# Java VM: Java HotSpot(TM) Client VM (23.1-b03 mixed mode windows-x86 )
# Problematic frame:
# V  [jvm.dll+0x128e73]
#
# Failed to write core dump. Minidumps are not enabled by default on client versions of Windows
#
# If you would like to submit a bug report, please visit:
#   http://bugreport.sun.com/bugreport/crash.jsp
#

---------------  T H R E A D  ---------------

Current thread (0x39084800):  JavaThread "pool-5361-thread-1" [_thread_in_vm, id=3868, stack(0x37570000,0x375c0000)]

siginfo: ExceptionCode=0xc00000fd, ExceptionInformation=0x00000001 0x375bb538 

Registers:
EAX=0x00004000, EBX=0x38a25d78, ECX=0x375bb538, EDX=0x37577050
ESP=0x375bf544, EBP=0x375bf5a4, ESI=0x00000005, EDI=0x375bf538
EIP=0x59848e73, EFLAGS=0x00010206

Top of Stack: (sp=0x375bf544)
0x375bf544:   38a25d88 39084800 59849603 38a25d78
0x375bf554:   00000000 39084800 375bf56c 59774598
0x375bf564:   38a25d88 ffffffff 375bf5ac 59776b8f
0x375bf574:   38a25d7c 38a25d80 38a25d84 38a25d88
0x375bf584:   00000005 39084800 38a25d78 39084800
0x375bf594:   375bf6e4 0000000a 00000000 38a25d78
0x375bf5a4:   375bf5ec 598f851e 375bf6dc 005bf644
0x375bf5b4:   375bf650 026198c0 0c7615f4 38a25d78 

Instructions: (pc=0x59848e73)
0x59848e53:   09 f9 04 00 be 01 00 00 00 8b f8 39 35 34 a5 a0
0x59848e63:   59 7c 1b e8 95 0a 05 00 0f af c6 8b cf 2b c8 46
0x59848e73:   c7 01 00 00 00 00 3b 35 34 a5 a0 59 7e e5 5f 5e
0x59848e83:   c3 cc cc cc cc cc cc cc cc cc cc cc cc 55 8b ec 


Register to memory mapping:

EAX=0x00004000 is an unknown value
EBX=0x38a25d78 is an unknown value
ECX=0x375bb538 is pointing into the stack for thread: 0x39084800
EDX=0x37577050 is pointing into the stack for thread: 0x39084800
ESP=0x375bf544 is pointing into the stack for thread: 0x39084800
EBP=0x375bf5a4 is pointing into the stack for thread: 0x39084800
ESI=0x00000005 is an unknown value
EDI=0x375bf538 is pointing into the stack for thread: 0x39084800


Stack: [0x37570000,0x375c0000],  sp=0x375bf544,  free space=317k
Native frames: (J=compiled Java code, j=interpreted, Vv=VM code, C=native code)
V  [jvm.dll+0x128e73]
V  [jvm.dll+0x1d851e]
V  [jvm.dll+0x129833]
V  [jvm.dll+0x129897]
V  [jvm.dll+0xd24af]
V  [jvm.dll+0x149977]
V  [jvm.dll+0x149ae0]
V  [jvm.dll+0x17e049]
C  [msvcr100.dll+0x5c6de]
C  [msvcr100.dll+0x5c788]
C  [kernel32.dll+0x1339a]
C  [ntdll.dll+0x39ef2]
C  [ntdll.dll+0x39ec5]


---------------  P R O C E S S  ---------------

Java Threads: ( => current thread )
  0x39084400 JavaThread "pool-5361-thread-2" [_thread_blocked, id=10628, stack(0x37810000,0x37860000)]
=>0x39084800 JavaThread "pool-5361-thread-1" [_thread_in_vm, id=3868, stack(0x37570000,0x375c0000)]
  0x3643a400 JavaThread "Service Thread" daemon [_thread_blocked, id=6564, stack(0x36810000,0x36860000)]
  0x36420c00 JavaThread "C1 CompilerThread0" daemon [_thread_blocked, id=7364, stack(0x365d0000,0x36620000)]
  0x3641e000 JavaThread "Attach Listener" daemon [_thread_blocked, id=9180, stack(0x36860000,0x368b0000)]
  0x36415000 JavaThread "Signal Dispatcher" daemon [_thread_blocked, id=8680, stack(0x36620000,0x36670000)]
  0x36414000 JavaThread "Surrogate Locker Thread (Concurrent GC)" daemon [_thread_blocked, id=9644, stack(0x366d0000,0x36720000)]
  0x363b5400 JavaThread "Finalizer" daemon [_thread_blocked, id=8744, stack(0x36560000,0x365b0000)]
  0x363b4400 JavaThread "Reference Handler" daemon [_thread_blocked, id=3156, stack(0x35fe0000,0x36030000)]
  0x0022c400 JavaThread "main" [_thread_in_Java, id=8168, stack(0x00600000,0x00650000)]

Other Threads:
  0x363aec00 VMThread [stack: 0x361b0000,0x36200000] [id=7256]
  0x3644fc00 WatcherThread [stack: 0x369d0000,0x36a20000] [id=5292]

VM state:not at safepoint (normal execution)

VM Mutex/Monitor currently owned by a thread: None

Heap
 par new generation   total 4928K, used 783K [0x04610000, 0x04b60000, 0x0c610000)
  eden space 4416K,  17% used [0x04610000, 0x046ce7f0, 0x04a60000)
  from space 512K,   4% used [0x04a60000, 0x04a65590, 0x04ae0000)
  to   space 512K,   0% used [0x04ae0000, 0x04ae0000, 0x04b60000)
 concurrent mark-sweep generation total 120984K, used 56227K [0x0c610000, 0x13c36000, 0x24610000)
 concurrent-mark-sweep perm gen total 62868K, used 37713K [0x24610000, 0x28375000, 0x34610000)

Code Cache  [0x02610000, 0x03560000, 0x04610000)
 total_blobs=8454 nmethods=8262 adapters=123 free_code_cache=17114Kb largest_free_block=17508544

Compilation events (10 events):
Event: 96355.688 Thread 0x36420c00 8456             scala.collection.mutable.ListMap::$plus$eq (6 bytes)
Event: 96355.688 Thread 0x36420c00 nmethod 8456 0x0355cc48 code [0x0355cd40, 0x0355cdcc]
Event: 96355.688 Thread 0x36420c00 8457             scala.collection.mutable.ListMap::$plus$eq (42 bytes)
Event: 96355.689 Thread 0x36420c00 nmethod 8457 0x0355ce48 code [0x0355cf70, 0x0355d0e4]
Event: 96355.689 Thread 0x36420c00 8458             scala.collection.mutable.ListMap::siz (5 bytes)
Event: 96355.689 Thread 0x36420c00 nmethod 8458 0x0355d208 code [0x0355d300, 0x0355d380]
Event: 96355.689 Thread 0x36420c00 8459             scala.collection.mutable.ListMap::siz_$eq (6 bytes)
Event: 96355.689 Thread 0x36420c00 nmethod 8459 0x0355d3c8 code [0x0355d4c0, 0x0355d540]
Event: 96442.369 Thread 0x36420c00 8460             java.util.concurrent.atomic.AtomicInteger::<init> (10 bytes)
Event: 96442.369 Thread 0x36420c00 nmethod 8460 0x0355d588 code [0x0355d680, 0x0355d700]

GC Heap History (10 events):
Event: 98013.437 GC heap before
{Heap before GC invocations=1557 (full 16):
 par new generation   total 4928K, used 4437K [0x04610000, 0x04b60000, 0x0c610000)
  eden space 4416K, 100% used [0x04610000, 0x04a60000, 0x04a60000)
  from space 512K,   4% used [0x04ae0000, 0x04ae5438, 0x04b60000)
  to   space 512K,   0% used [0x04a60000, 0x04a60000, 0x04ae0000)
 concurrent mark-sweep generation total 120984K, used 56227K [0x0c610000, 0x13c36000, 0x24610000)
 concurrent-mark-sweep perm gen total 62868K, used 37712K [0x24610000, 0x28375000, 0x34610000)
Event: 98013.439 GC heap after
Heap after GC invocations=1558 (full 16):
 par new generation   total 4928K, used 27K [0x04610000, 0x04b60000, 0x0c610000)
  eden space 4416K,   0% used [0x04610000, 0x04610000, 0x04a60000)
  from space 512K,   5% used [0x04a60000, 0x04a66da0, 0x04ae0000)
  to   space 512K,   0% used [0x04ae0000, 0x04ae0000, 0x04b60000)
 concurrent mark-sweep generation total 120984K, used 56227K [0x0c610000, 0x13c36000, 0x24610000)
 concurrent-mark-sweep perm gen total 62868K, used 37712K [0x24610000, 0x28375000, 0x34610000)
}
Event: 98017.521 GC heap before
{Heap before GC invocations=1558 (full 16):
 par new generation   total 4928K, used 4443K [0x04610000, 0x04b60000, 0x0c610000)
  eden space 4416K, 100% used [0x04610000, 0x04a60000, 0x04a60000)
  from space 512K,   5% used [0x04a60000, 0x04a66da0, 0x04ae0000)
  to   space 512K,   0% used [0x04ae0000, 0x04ae0000, 0x04b60000)
 concurrent mark-sweep generation total 120984K, used 56227K [0x0c610000, 0x13c36000, 0x24610000)
 concurrent-mark-sweep perm gen total 62868K, used 37712K [0x24610000, 0x28375000, 0x34610000)
Event: 98017.523 GC heap after
Heap after GC invocations=1559 (full 16):
 par new generation   total 4928K, used 25K [0x04610000, 0x04b60000, 0x0c610000)
  eden space 4416K,   0% used [0x04610000, 0x04610000, 0x04a60000)
  from space 512K,   4% used [0x04ae0000, 0x04ae6438, 0x04b60000)
  to   space 512K,   0% used [0x04a60000, 0x04a60000, 0x04ae0000)
 concurrent mark-sweep generation total 120984K, used 56227K [0x0c610000, 0x13c36000, 0x24610000)
 concurrent-mark-sweep perm gen total 62868K, used 37712K [0x24610000, 0x28375000, 0x34610000)
}
Event: 98021.640 GC heap before
{Heap before GC invocations=1559 (full 16):
 par new generation   total 4928K, used 4441K [0x04610000, 0x04b60000, 0x0c610000)
  eden space 4416K, 100% used [0x04610000, 0x04a60000, 0x04a60000)
  from space 512K,   4% used [0x04ae0000, 0x04ae6438, 0x04b60000)
  to   space 512K,   0% used [0x04a60000, 0x04a60000, 0x04ae0000)
 concurrent mark-sweep generation total 120984K, used 56227K [0x0c610000, 0x13c36000, 0x24610000)
 concurrent-mark-sweep perm gen total 62868K, used 37712K [0x24610000, 0x28375000, 0x34610000)
Event: 98021.641 GC heap after
Heap after GC invocations=1560 (full 16):
 par new generation   total 4928K, used 30K [0x04610000, 0x04b60000, 0x0c610000)
  eden space 4416K,   0% used [0x04610000, 0x04610000, 0x04a60000)
  from space 512K,   5% used [0x04a60000, 0x04a67ae0, 0x04ae0000)
  to   space 512K,   0% used [0x04ae0000, 0x04ae0000, 0x04b60000)
 concurrent mark-sweep generation total 120984K, used 56227K [0x0c610000, 0x13c36000, 0x24610000)
 concurrent-mark-sweep perm gen total 62868K, used 37712K [0x24610000, 0x28375000, 0x34610000)
}
Event: 98026.256 GC heap before
{Heap before GC invocations=1560 (full 16):
 par new generation   total 4928K, used 4446K [0x04610000, 0x04b60000, 0x0c610000)
  eden space 4416K, 100% used [0x04610000, 0x04a60000, 0x04a60000)
  from space 512K,   5% used [0x04a60000, 0x04a67ae0, 0x04ae0000)
  to   space 512K,   0% used [0x04ae0000, 0x04ae0000, 0x04b60000)
 concurrent mark-sweep generation total 120984K, used 56227K [0x0c610000, 0x13c36000, 0x24610000)
 concurrent-mark-sweep perm gen total 62868K, used 37712K [0x24610000, 0x28375000, 0x34610000)
Event: 98026.258 GC heap after
Heap after GC invocations=1561 (full 16):
 par new generation   total 4928K, used 21K [0x04610000, 0x04b60000, 0x0c610000)
  eden space 4416K,   0% used [0x04610000, 0x04610000, 0x04a60000)
  from space 512K,   4% used [0x04ae0000, 0x04ae5508, 0x04b60000)
  to   space 512K,   0% used [0x04a60000, 0x04a60000, 0x04ae0000)
 concurrent mark-sweep generation total 120984K, used 56227K [0x0c610000, 0x13c36000, 0x24610000)
 concurrent-mark-sweep perm gen total 62868K, used 37712K [0x24610000, 0x28375000, 0x34610000)
}
Event: 98030.343 GC heap before
{Heap before GC invocations=1561 (full 16):
 par new generation   total 4928K, used 4437K [0x04610000, 0x04b60000, 0x0c610000)
  eden space 4416K, 100% used [0x04610000, 0x04a60000, 0x04a60000)
  from space 512K,   4% used [0x04ae0000, 0x04ae5508, 0x04b60000)
  to   space 512K,   0% used [0x04a60000, 0x04a60000, 0x04ae0000)
 concurrent mark-sweep generation total 120984K, used 56227K [0x0c610000, 0x13c36000, 0x24610000)
 concurrent-mark-sweep perm gen total 62868K, used 37712K [0x24610000, 0x28375000, 0x34610000)
Event: 98030.345 GC heap after
Heap after GC invocations=1562 (full 16):
 par new generation   total 4928K, used 21K [0x04610000, 0x04b60000, 0x0c610000)
  eden space 4416K,   0% used [0x04610000, 0x04610000, 0x04a60000)
  from space 512K,   4% used [0x04a60000, 0x04a65590, 0x04ae0000)
  to   space 512K,   0% used [0x04ae0000, 0x04ae0000, 0x04b60000)
 concurrent mark-sweep generation total 120984K, used 56227K [0x0c610000, 0x13c36000, 0x24610000)
 concurrent-mark-sweep perm gen total 62868K, used 37712K [0x24610000, 0x28375000, 0x34610000)
}

Deoptimization events (0 events):
No events

Internal exceptions (10 events):
Event: 95815.906 Thread 0x38b3d000 Threw 0x047548e0 at C:\jdk7u5_32P\jdk7u5\hotspot\src\share\vm\prims\jni.cpp:1630
Event: 95815.907 Thread 0x38b3d000 Threw 0x0475bac0 at C:\jdk7u5_32P\jdk7u5\hotspot\src\share\vm\prims\jni.cpp:1630
Event: 95815.907 Thread 0x38b3d000 Threw 0x0475d9e0 at C:\jdk7u5_32P\jdk7u5\hotspot\src\share\vm\prims\jni.cpp:1630
Event: 95815.907 Thread 0x38b3d000 Threw 0x04763a88 at C:\jdk7u5_32P\jdk7u5\hotspot\src\share\vm\prims\jni.cpp:1630
Event: 95815.908 Thread 0x38b3d000 Threw 0x0476ada0 at C:\jdk7u5_32P\jdk7u5\hotspot\src\share\vm\prims\jni.cpp:1630
Event: 95815.908 Thread 0x38b3d000 Threw 0x0476c710 at C:\jdk7u5_32P\jdk7u5\hotspot\src\share\vm\prims\jni.cpp:1630
Event: 95815.909 Thread 0x38b3d000 Threw 0x0477c988 at C:\jdk7u5_32P\jdk7u5\hotspot\src\share\vm\prims\jni.cpp:1630
Event: 98030.856 Thread 0x39084400 Threw 0x046c76e0 at C:\jdk7u5_32P\jdk7u5\hotspot\src\share\vm\prims\jvm.cpp:2699
Event: 98030.857 Thread 0x0022c400 Threw 0x046c00d0 at C:\jdk7u5_32P\jdk7u5\hotspot\src\share\vm\prims\jvm.cpp:1166
Event: 98030.857 Thread 0x0022c400 Threw 0x046c0680 at C:\jdk7u5_32P\jdk7u5\hotspot\src\share\vm\prims\jvm.cpp:1166

Events (10 events):
Event: 98030.345 Thread 0x39084800 Thread added: 0x39084800
Event: 98030.352 Thread 0x39085400 Thread exited: 0x39085400
Event: 98030.352 Thread 0x39084400 Thread exited: 0x39084400
Event: 98030.353 Thread 0x39084800 Thread exited: 0x39084800
Event: 98030.854 Thread 0x39084800 Thread added: 0x39084800
Event: 98030.854 Thread 0x39084400 Thread added: 0x39084400
Event: 98030.856 loading class 0x37b85f28
Event: 98030.856 loading class 0x37b85f28 done
Event: 98030.857 loading class 0x373bf030
Event: 98030.857 loading class 0x373bf030 done


Dynamic libraries:
0x00e00000 - 0x00e2f000 	D:\Distrib\Coding\Java\jdk\jdk1.7.0_05\x86\bin\java.exe
0x77590000 - 0x77710000 	C:\Windows\SysWOW64\ntdll.dll
0x75250000 - 0x75360000 	C:\Windows\syswow64\kernel32.dll
0x76980000 - 0x769c6000 	C:\Windows\syswow64\KERNELBASE.dll
0x74ea0000 - 0x74f40000 	C:\Windows\syswow64\ADVAPI32.dll
0x75610000 - 0x756bc000 	C:\Windows\syswow64\msvcrt.dll
0x76960000 - 0x76979000 	C:\Windows\SysWOW64\sechost.dll
0x76870000 - 0x76960000 	C:\Windows\syswow64\RPCRT4.dll
0x74c70000 - 0x74cd0000 	C:\Windows\syswow64\SspiCli.dll
0x74c60000 - 0x74c6c000 	C:\Windows\syswow64\CRYPTBASE.dll
0x75500000 - 0x75600000 	C:\Windows\syswow64\USER32.dll
0x76520000 - 0x765b0000 	C:\Windows\syswow64\GDI32.dll
0x75600000 - 0x7560a000 	C:\Windows\syswow64\LPK.dll
0x74cd0000 - 0x74d6d000 	C:\Windows\syswow64\USP10.dll
0x71c60000 - 0x71dfe000 	C:\Windows\WinSxS\x86_microsoft.windows.common-controls_6595b64144ccf1df_6.0.7601.17514_none_41e6975e2bd6f2b2\COMCTL32.dll
0x751c0000 - 0x75217000 	C:\Windows\syswow64\SHLWAPI.dll
0x74e00000 - 0x74e60000 	C:\Windows\system32\IMM32.DLL
0x76c00000 - 0x76ccc000 	C:\Windows\syswow64\MSCTF.dll
0x67f80000 - 0x6803e000 	D:\Distrib\Coding\Java\jdk\jdk1.7.0_05\x86\jre\bin\msvcr100.dll
0x59720000 - 0x59a6a000 	D:\Distrib\Coding\Java\jdk\jdk1.7.0_05\x86\jre\bin\client\jvm.dll
0x725a0000 - 0x725a7000 	C:\Windows\system32\WSOCK32.dll
0x756d0000 - 0x75705000 	C:\Windows\syswow64\WS2_32.dll
0x74fc0000 - 0x74fc6000 	C:\Windows\syswow64\NSI.dll
0x74a30000 - 0x74a62000 	C:\Windows\system32\WINMM.dll
0x77560000 - 0x77565000 	C:\Windows\syswow64\PSAPI.DLL
0x67f70000 - 0x67f7c000 	D:\Distrib\Coding\Java\jdk\jdk1.7.0_05\x86\jre\bin\verify.dll
0x67f50000 - 0x67f70000 	D:\Distrib\Coding\Java\jdk\jdk1.7.0_05\x86\jre\bin\java.dll
0x67f30000 - 0x67f43000 	D:\Distrib\Coding\Java\jdk\jdk1.7.0_05\x86\jre\bin\zip.dll
0x680a0000 - 0x680b4000 	D:\Distrib\Coding\Java\jdk\jdk1.7.0_05\x86\jre\bin\net.dll
0x00c40000 - 0x00c5b000 	C:\Windows\mfnspstd32.dll
0x71c20000 - 0x71c5c000 	C:\Windows\system32\mswsock.dll
0x36900000 - 0x36972000 	C:\Windows\mfnhks32.dll
0x6f510000 - 0x6f516000 	C:\Windows\System32\wship6.dll
0x69ef0000 - 0x69eff000 	D:\Distrib\Coding\Java\jdk\jdk1.7.0_05\x86\jre\bin\nio.dll
0x36090000 - 0x36098000 	C:\Windows\Temp\jline_0_12_0.dll
0x72160000 - 0x72176000 	C:\Windows\system32\CRYPTSP.dll
0x720d0000 - 0x7210b000 	C:\Windows\system32\rsaenh.dll
0x6f2f0000 - 0x6f307000 	C:\Windows\system32\USERENV.dll
0x71e70000 - 0x71e7b000 	C:\Windows\system32\profapi.dll
0x6f520000 - 0x6f530000 	C:\Windows\system32\NLAapi.dll
0x6f4a0000 - 0x6f4b0000 	C:\Windows\system32\napinsp.dll
0x6f430000 - 0x6f442000 	C:\Windows\system32\pnrpnsp.dll
0x6f420000 - 0x6f42d000 	C:\Windows\system32\wshbth.dll
0x6f3d0000 - 0x6f414000 	C:\Windows\system32\DNSAPI.dll
0x6f3b0000 - 0x6f3b8000 	C:\Windows\System32\winrnr.dll
0x6f380000 - 0x6f3a4000 	C:\Program Files (x86)\Common Files\Microsoft Shared\Windows Live\WLIDNSP.DLL
0x719d0000 - 0x719d5000 	C:\Windows\System32\wshtcpip.dll
0x72820000 - 0x7283c000 	C:\Windows\system32\IPHLPAPI.DLL
0x72810000 - 0x72817000 	C:\Windows\system32\WINNSI.DLL
0x6f370000 - 0x6f376000 	C:\Windows\system32\rasadhlp.dll
0x6f320000 - 0x6f358000 	C:\Windows\System32\fwpuclnt.dll
0x71850000 - 0x7189c000 	C:\Windows\system32\apphelp.dll

VM Arguments:
jvm_args: -Xmx512M -XX:+UseConcMarkSweepGC -XX:+CMSClassUnloadingEnabled -XX:MaxPermSize=256m -Dfile.encoding=utf-8 
java_command: D:\Distrib\Coding\Java\scala\scastie/sbt-launcher/xsbt-launch.jar
Launcher Type: SUN_STANDARD

Environment Variables:
JAVA_HOME=d:\Distrib\Coding\Java\jdk\jdk1.7.0_05\x86
PATH=d:\cygwin\bin;C:\Program Files (x86)\PC Connectivity Solution\;d:\Ruby193\bin;d:\Distrib\Coding\Java\jdk\jdk1.7.0_05\x86\bin;C:\Program Files (x86)\NVIDIA Corporation\PhysX\Common;C:\Windows\system32;C:\Windows;C:\Windows\System32\Wbem;C:\Windows\System32\WindowsPowerShell\v1.0\;C:\Program Files\Common Files\Microsoft Shared\Windows Live;d:\Distrib\Coding\Ruby\19\bin;d:\perl\site\bin;d:\perl\bin;d:\oraclexe\app\oracle\product\10.2.0\server\bin;d:\ant\bin;d:\Program Files\Subversion Client;d:\Distrib\Coding\Java\scala\sbt;d:\Program Files\pstools;d:\Program Files\upx;d:\Python27;d:\Program Files\maven\bin;d:\JetBrains\IDEA\bin;d:\Program Files\Console2;d:\Program Files\Mercurial;D:\Program Files\Microsoft Network Monitor 3;d:\bin;d:\snmp\bin;d:\Haskell Platform\2009.2.0.2\bin;d:\Haskell Platform\2009.2.0.2\extralibs\bin;C:\Program Files\GtkSharp\2.12\bin;C:\Program Files\QuickTime\QTSystem\;D:\Program Files\Mercurial\:\Program Files\Xuggle\bin;d:\Distrib\Coding\Java\scala\scala-2.9.2\bin;C:\Program Files (x86)\Windows Live\Shared;d:\ec2-api-tools\bin;C:\Program Files (x86)\software.jessies.org\terminator\Resources\terminator\bin\;C:\Program Files (x86)\Common Files\Acronis\SnapAPI\;C:\Program Files (x86)\Microsoft SQL Server\100\Tools\Binn\;C:\Program Files\Microsoft SQL Server\100\Tools\Binn\;C:\Program Files\Microsoft SQL Server\100\DTS\Binn\;C:\Program Files (x86)\Microsoft SQL Server\100\Tools\Binn\VSShell\Common7\IDE\;C:\Program Files (x86)\Microsoft SQL Server\100\DTS\Binn\;c:\Users\OlegYch\bin;C:\Program Files (x86)\QuickTime\QTSystem\;d:\Program Files\GnuPG\pub;d:\Heroku;C:\Program Files (x86)\giter8\;D:\Distrib\Coding\Java\stack\sbt\;d:\Program Files\Mozilla Firefox;D:\MySQL 5.5\bin;C:\Program Files (x86)\IVT Corporation\BlueSoleil\Mobile;d:\Git\cmd
USERNAME=OlegYch
OS=Windows_NT
PROCESSOR_IDENTIFIER=Intel64 Family 6 Model 23 Stepping 6, GenuineIntel



---------------  S Y S T E M  ---------------

OS: Windows 7 , 64 bit Build 7601 Service Pack 1

CPU:total 2 (2 cores per cpu, 1 threads per core) family 6 model 23 stepping 6, cmov, cx8, fxsr, mmx, sse, sse2, sse3, ssse3, sse4.1, tsc

Memory: 4k page, physical 8386624k(296372k free), swap 8794372k(4996k free)

vm_info: Java HotSpot(TM) Client VM (23.1-b03) for windows-x86 JRE (1.7.0_05-b06), built on Jun 27 2012 00:51:27 by "java_re" with unknown MS VC++:1600

time: Fri Sep 14 01:37:10 2012
elapsed time: 98030 seconds

